  autofit.c
  ftbase.c
  ftbbox.c
c1 : fatal error C1083: Cannot open source file: '..\..\..\src\autofit\autofit.c': No such file or directory
  ftbdf.c
c1 : fatal error C1083: Cannot open source file: '..\..\..\src\base\ftbbox.c': No such file or directory
  ftbitmap.c
  ftcid.c
  ftfstype.c
c1 : fatal error C1083: Cannot open source file: '..\..\..\src\base\ftbase.c': No such file or directory
c1 : fatal error C1083: Cannot open source file: '..\..\..\src\base\ftcid.c': No such file or directory
c1 : fatal error C1083: Cannot open source file: '..\..\..\src\base\ftbdf.c': No such file or directory
c1 : fatal error C1083: Cannot open source file: '..\..\..\src\base\ftfstype.c': No such file or directory
  ftgasp.c
c1 : fatal error C1083: Cannot open source file: '..\..\..\src\base\ftbitmap.c': No such file or directory
c1 : fatal error C1083: Cannot open source file: '..\..\..\src\base\ftgasp.c': No such file or directory
  ftglyph.c
  ftgxval.c
  ftinit.c
  ftmm.c
  ftotval.c
  ftpatent.c
  ftpfr.c
  ftstroke.c
c1 : fatal error C1083: Cannot open source file: '..\..\..\src\base\ftgxval.c': No such file or directory
c1 : fatal error C1083: Cannot open source file: '..\..\..\src\base\ftotval.c': No such file or directory
c1 : fatal error C1083: Cannot open source file: '..\..\..\src\base\ftmm.c': No such file or directory
  ftsynth.c
c1 : fatal error C1083: Cannot open source file: '..\..\..\src\base\ftpatent.c': No such file or directory
c1 : fatal error C1083: Cannot open source file: '..\..\..\src\base\ftinit.c': No such file or directory
  fttype1.c
c1 : fatal error C1083: Cannot open source file: '..\..\..\src\base\ftstroke.c': No such file or directory
  ftwinfnt.c
  bdf.c
  ftcache.c
  cff.c
c1 : fatal error C1083: Cannot open source file: '..\..\..\src\base\ftglyph.c': No such file or directory
c1 : fatal error C1083: Cannot open source file: '..\..\..\src\base\ftpfr.c': No such file or directory
  type1cid.c
  dlgwrap.c
c1 : fatal error C1083: Cannot open source file: '..\..\..\src\base\ftsynth.c': No such file or directory
c1 : fatal error C1083: Cannot open source file: '..\..\..\src\base\ftwinfnt.c': No such file or directory
c1 : fatal error C1083: Cannot open source file: '..\..\..\src\base\fttype1.c': No such file or directory
c1 : fatal error C1083: Cannot open source file: '..\..\..\src\cache\ftcache.c': No such file or directory
c1 : fatal error C1083: Cannot open source file: '..\..\..\src\cff\cff.c': No such file or directory
c1 : fatal error C1083: Cannot open source file: '..\..\..\src\bdf\bdf.c': No such file or directory
  ftgzip.c
  ftlzw.c
  pcf.c
c1 : fatal error C1083: Cannot open source file: '..\..\..\src\cid\type1cid.c': No such file or directory
c1 : fatal error C1083: Cannot open source file: '..\..\..\src\dlg\dlgwrap.c': No such file or directory
  pfr.c
  psaux.c
  pshinter.c
c1 : fatal error C1083: Cannot open source file: '..\..\..\src\gzip\ftgzip.c': No such file or directory
c1 : fatal error C1083: Cannot open source file: '..\..\..\src\pcf\pcf.c': No such file or directory
  psmodule.c
  raster.c
c1 : fatal error C1083: Cannot open source file: '..\..\..\src\pfr\pfr.c': No such file or directory
c1 : fatal error C1083: Cannot open source file: '..\..\..\src\lzw\ftlzw.c': No such file or directory
  sfnt.c
c1 : fatal error C1083: Cannot open source file: '..\..\..\src\pshinter\pshinter.c': No such file or directory
c1 : fatal error C1083: Cannot open source file: '..\..\..\src\psaux\psaux.c': No such file or directory
  smooth.c
  sdf.c
c1 : fatal error C1083: Cannot open source file: '..\..\..\src\psnames\psmodule.c': No such file or directory
c1 : fatal error C1083: Cannot open source file: '..\..\..\src\raster\raster.c': No such file or directory
c1 : fatal error C1083: Cannot open source file: '..\..\..\src\sfnt\sfnt.c': No such file or directory
c1 : fatal error C1083: Cannot open source file: '..\..\..\src\smooth\smooth.c': No such file or directory
c1 : fatal error C1083: Cannot open source file: '..\..\..\src\sdf\sdf.c': No such file or directory
  svg.c
  truetype.c
  type1.c
  type42.c
  winfnt.c
  ftdebug.c
  ftsystem.c
c1 : fatal error C1083: Cannot open source file: '..\..\..\src\svg\svg.c': No such file or directory
c1 : fatal error C1083: Cannot open source file: '..\..\..\src\truetype\truetype.c': No such file or directory
c1 : fatal error C1083: Cannot open source file: '..\..\..\src\type1\type1.c': No such file or directory
c1 : fatal error C1083: Cannot open source file: '..\..\..\src\winfonts\winfnt.c': No such file or directory
c1 : fatal error C1083: Cannot open source file: '..\..\..\src\type42\type42.c': No such file or directory
c1 : fatal error C1083: Cannot open source file: '..\ftsystem.c': No such file or directory
c1 : fatal error C1083: Cannot open source file: '..\ftdebug.c': No such file or directory
